#
# There is insufficient memory for the Java Runtime Environment to continue.
# Native memory allocation (mmap) failed to map 98566144 bytes for G1 virtual space
# Possible reasons:
#   The system is out of physical RAM or swap space
#   The process is running with CompressedOops enabled, and the Java Heap may be blocking the growth of the native heap
# Possible solutions:
#   Reduce memory load on the system
#   Increase physical memory or swap space
#   Check if swap backing store is full
#   Decrease Java heap size (-Xmx/-Xms)
#   Decrease number of Java threads
#   Decrease Java thread stack sizes (-Xss)
#   Set larger code cache with -XX:ReservedCodeCacheSize=
#   JVM is running with Unscaled Compressed Oops mode in which the Java heap is
#     placed in the first 4GB address space. The Java Heap base address is the
#     maximum limit for the native heap growth. Please use -XX:HeapBaseMinAddress
#     to set the Java Heap base and to place the Java Heap above 4GB virtual address.
# This output file may be truncated or incomplete.
#
#  Out of Memory Error (os_windows.cpp:3466), pid=6216, tid=1472
#
# JRE version:  (16.0+36) (build )
# Java VM: OpenJDK 64-Bit Server VM (16+36-2231, mixed mode, sharing, tiered, compressed oops, g1 gc, windows-amd64)
# No core dump will be written. Minidumps are not enabled by default on client versions of Windows
#

---------------  S U M M A R Y ------------

Command Line: -javaagent:D:\Spring\IntelliJ IDEA Community Edition 2020.3.3\lib\idea_rt.jar=53446:D:\Spring\IntelliJ IDEA Community Edition 2020.3.3\bin -Dfile.encoding=UTF-8 com.fitnes2.demo2.Demo2Application

Host: Intel(R) Core(TM) i3-3120M CPU @ 2.50GHz, 4 cores, 5G,  Windows 10 , 64 bit Build 17763 (10.0.17763.475)
Time: Tue Mar 30 12:29:06 2021 Новосибирское стандартное время elapsed time: 0.037366 seconds (0d 0h 0m 0s)

---------------  T H R E A D  ---------------

Current thread (0x000001653ce9ab30):  JavaThread "Unknown thread" [_thread_in_vm, id=1472, stack(0x0000000702500000,0x0000000702600000)]

Stack: [0x0000000702500000,0x0000000702600000]
Native frames: (J=compiled Java code, j=interpreted, Vv=VM code, C=native code)
V  [jvm.dll+0x6681da]
V  [jvm.dll+0x7c9d99]
V  [jvm.dll+0x7cb4d3]
V  [jvm.dll+0x7cbb33]
V  [jvm.dll+0x242ee5]
V  [jvm.dll+0x664f99]
V  [jvm.dll+0x659b85]
V  [jvm.dll+0x2fbfcb]
V  [jvm.dll+0x3031c6]
V  [jvm.dll+0x352a0e]
V  [jvm.dll+0x352c3f]
V  [jvm.dll+0x2d3038]
V  [jvm.dll+0x2d4274]
V  [jvm.dll+0x79c691]
V  [jvm.dll+0x3607b1]
V  [jvm.dll+0x77a370]
V  [jvm.dll+0x3e501f]
V  [jvm.dll+0x3e6af1]
C  [jli.dll+0x52fb]
C  [ucrtbase.dll+0x2268a]
C  [KERNEL32.DLL+0x17974]
C  [ntdll.dll+0x5a2d1]


---------------  P R O C E S S  ---------------

Threads class SMR info:
_java_thread_list=0x00007ff8a8b6cbb8, length=0, elements={
}

Java Threads: ( => current thread )

Other Threads:
  0x000001653ced0cd0 GCTaskThread "GC Thread#0" [stack: 0x0000000702600000,0x0000000702700000] [id=2792]
  0x000001653cede670 ConcurrentGCThread "G1 Main Marker" [stack: 0x0000000702700000,0x0000000702800000] [id=8428]
  0x000001653cedeff0 ConcurrentGCThread "G1 Conc#0" [stack: 0x0000000702800000,0x0000000702900000] [id=7752]

[error occurred during error reporting (printing all threads), id 0xc0000005, EXCEPTION_ACCESS_VIOLATION (0xc0000005) at pc=0x00007ff8a8343ef7]

VM state: not at safepoint (not fully initialized)

VM Mutex/Monitor currently owned by a thread:  ([mutex/lock_event])
[0x000001653ce96ac0] Heap_lock - owner thread: 0x000001653ce9ab30

Heap address: 0x00000000a2e00000, size: 1490 MB, Compressed Oops mode: 32-bit
CDS archive(s) mapped at: [0x0000000000000000-0x0000000000000000-0x0000000000000000), size 0, SharedBaseAddress: 0x0000000800000000, ArchiveRelocationMode: 0.
Narrow klass base: 0x0000000000000000, Narrow klass shift: 0, Narrow klass range: 0x0

GC Precious Log:
<Empty>

Heap:
 garbage-first heap   total 0K, used 0K [0x00000000a2e00000, 0x0000000100000000)
  region size 1024K, 0 young (0K), 0 survivors (0K)

[error occurred during error reporting (printing heap information), id 0xc0000005, EXCEPTION_ACCESS_VIOLATION (0xc0000005) at pc=0x00007ff8a8721edd]

GC Heap History (0 events):
No events

Deoptimization events (0 events):
No events

Classes unloaded (0 events):
No events

Classes redefined (0 events):
No events

Internal exceptions (0 events):
No events

Events (1 events):
Event: 0.013 Loaded shared library C:\Users\Илюха-чилюха\.jdks\openjdk-16\bin\java.dll


Dynamic libraries:
0x00007ff614e20000 - 0x00007ff614e2e000 	C:\Users\Илюха-чилюха\.jdks\openjdk-16\bin\java.exe
0x00007ff8d3990000 - 0x00007ff8d3b7c000 	C:\Windows\SYSTEM32\ntdll.dll
0x00007ff8d2e60000 - 0x00007ff8d2f13000 	C:\Windows\System32\KERNEL32.DLL
0x00007ff8d0830000 - 0x00007ff8d0ac4000 	C:\Windows\System32\KERNELBASE.dll
0x00007ff8d0490000 - 0x00007ff8d058a000 	C:\Windows\System32\ucrtbase.dll
0x00007ff8cb6e0000 - 0x00007ff8cb6f8000 	C:\Users\Илюха-чилюха\.jdks\openjdk-16\bin\jli.dll
0x00007ff8d2750000 - 0x00007ff8d28e7000 	C:\Windows\System32\USER32.dll
0x00007ff8d0590000 - 0x00007ff8d05b0000 	C:\Windows\System32\win32u.dll
0x00007ff8d26c0000 - 0x00007ff8d26e9000 	C:\Windows\System32\GDI32.dll
0x00007ff8d0630000 - 0x00007ff8d07cc000 	C:\Windows\System32\gdi32full.dll
0x00007ff8d0ad0000 - 0x00007ff8d0b70000 	C:\Windows\System32\msvcp_win.dll
0x00007ff8cb640000 - 0x00007ff8cb659000 	C:\Users\Илюха-чилюха\.jdks\openjdk-16\bin\VCRUNTIME140.dll
0x00007ff8b3920000 - 0x00007ff8b3b99000 	C:\Windows\WinSxS\amd64_microsoft.windows.common-controls_6595b64144ccf1df_6.0.17763.1817_none_de6e422c534e0cb9\COMCTL32.dll
0x00007ff8d30e0000 - 0x00007ff8d317e000 	C:\Windows\System32\msvcrt.dll
0x00007ff8d2b30000 - 0x00007ff8d2e5e000 	C:\Windows\System32\combase.dll
0x00007ff8d3820000 - 0x00007ff8d3940000 	C:\Windows\System32\RPCRT4.dll
0x00007ff8d05b0000 - 0x00007ff8d062f000 	C:\Windows\System32\bcryptPrimitives.dll
0x00007ff8d3180000 - 0x00007ff8d31ae000 	C:\Windows\System32\IMM32.DLL
0x00007ff8c9190000 - 0x00007ff8c919c000 	C:\Users\Илюха-чилюха\.jdks\openjdk-16\bin\vcruntime140_1.dll
0x00007ff8b4bd0000 - 0x00007ff8b4c61000 	C:\Users\Илюха-чилюха\.jdks\openjdk-16\bin\msvcp140.dll
0x00007ff8a8060000 - 0x00007ff8a8c0b000 	C:\Users\Илюха-чилюха\.jdks\openjdk-16\bin\server\jvm.dll
0x00007ff8d36c0000 - 0x00007ff8d3763000 	C:\Windows\System32\ADVAPI32.dll
0x00007ff8d3780000 - 0x00007ff8d381f000 	C:\Windows\System32\sechost.dll
0x00007ff8d0d40000 - 0x00007ff8d0d48000 	C:\Windows\System32\PSAPI.DLL
0x00007ff8cb6d0000 - 0x00007ff8cb6d9000 	C:\Windows\SYSTEM32\WSOCK32.dll
0x00007ff8d25d0000 - 0x00007ff8d263d000 	C:\Windows\System32\WS2_32.dll
0x00007ff8cdab0000 - 0x00007ff8cdad4000 	C:\Windows\SYSTEM32\WINMM.dll
0x00007ff8c6e80000 - 0x00007ff8c6e8a000 	C:\Windows\SYSTEM32\VERSION.dll
0x00007ff8cda80000 - 0x00007ff8cdaad000 	C:\Windows\SYSTEM32\WINMMBASE.dll
0x00007ff8d01a0000 - 0x00007ff8d01ea000 	C:\Windows\System32\cfgmgr32.dll
0x00007ff8cf980000 - 0x00007ff8cf991000 	C:\Windows\System32\kernel.appcore.dll
0x00007ff8c9180000 - 0x00007ff8c918a000 	C:\Users\Илюха-чилюха\.jdks\openjdk-16\bin\jimage.dll
0x00007ff8b7940000 - 0x00007ff8b7b2d000 	C:\Windows\SYSTEM32\DBGHELP.DLL
0x00007ff8b7910000 - 0x00007ff8b793a000 	C:\Windows\SYSTEM32\dbgcore.DLL
0x00007ff8c6e50000 - 0x00007ff8c6e5e000 	C:\Users\Илюха-чилюха\.jdks\openjdk-16\bin\instrument.dll
0x00007ff8c9150000 - 0x00007ff8c9175000 	C:\Users\Илюха-чилюха\.jdks\openjdk-16\bin\java.dll

dbghelp: loaded successfully - version: 4.0.5 - missing functions: none
symbol engine: initialized successfully - sym options: 0x614 - pdb path: .;C:\Users\Илюха-чилюха\.jdks\openjdk-16\bin;C:\Windows\SYSTEM32;C:\Windows\WinSxS\amd64_microsoft.windows.common-controls_6595b64144ccf1df_6.0.17763.1817_none_de6e422c534e0cb9;C:\Users\Илюха-чилюха\.jdks\openjdk-16\bin\server

VM Arguments:
jvm_args: -javaagent:D:\Spring\IntelliJ IDEA Community Edition 2020.3.3\lib\idea_rt.jar=53446:D:\Spring\IntelliJ IDEA Community Edition 2020.3.3\bin -Dfile.encoding=UTF-8 
java_command: com.fitnes2.demo2.Demo2Application
java_class_path (initial): C:\Users\Илюха-чилюха\Desktop\проекты\demo2\target\classes;C:\Users\Илюха-чилюха\.m2\repository\org\springframework\boot\spring-boot-starter-thymeleaf\2.4.4\spring-boot-starter-thymeleaf-2.4.4.jar;C:\Users\Илюха-чилюха\.m2\repository\org\springframework\boot\spring-boot-starter\2.4.4\spring-boot-starter-2.4.4.jar;C:\Users\Илюха-чилюха\.m2\repository\org\springframework\boot\spring-boot-starter-logging\2.4.4\spring-boot-starter-logging-2.4.4.jar;C:\Users\Илюха-чилюха\.m2\repository\ch\qos\logback\logback-classic\1.2.3\logback-classic-1.2.3.jar;C:\Users\Илюха-чилюха\.m2\repository\ch\qos\logback\logback-core\1.2.3\logback-core-1.2.3.jar;C:\Users\Илюха-чилюха\.m2\repository\org\apache\logging\log4j\log4j-to-slf4j\2.13.3\log4j-to-slf4j-2.13.3.jar;C:\Users\Илюха-чилюха\.m2\repository\org\apache\logging\log4j\log4j-api\2.13.3\log4j-api-2.13.3.jar;C:\Users\Илюха-чилюха\.m2\repository\org\slf4j\jul-to-slf4j\1.7.30\jul-to-slf4j-1.7.30.jar;C:\Users\Илюха-чилюха\.m2\repository\jakarta\annotation\jakarta.annotation-api\1.3.5\jakarta.annotation-api-1.3.5.jar;C:\Users\Илюха-чилюха\.m2\repository\org\yaml\snakeyaml\1.27\snakeyaml-1.27.jar;C:\Users\Илюха-чилюха\.m2\repository\org\thymeleaf\thymeleaf-spring5\3.0.12.RELEASE\thymeleaf-spring5-3.0.12.RELEASE.jar;C:\Users\Илюха-чилюха\.m2\repository\org\thymeleaf\thymeleaf\3.0.12.RELEASE\thymeleaf-3.0.12.RELEASE.jar;C:\Users\Илюха-чилюха\.m2\repository\org\attoparser\attoparser\2.0.5.RELEASE\attoparser-2.0.5.RELEASE.jar;C:\Users\Илюха-чилюха\.m2\repository\org\unbescape\unbescape\1.1.6.RELEASE\unbescape-1.1.6.RELEASE.jar;C:\Users\Илюха-чилюха\.m2\repository\org\slf4j\slf4j-api\1.7.30\slf4j-api-1.7.30.jar;C:\Users\Илюха-чилюха\.m2\repository\org\thymeleaf\extras\thymeleaf-extras-java8time\3.0.4.RELEASE\thymeleaf-extras-java8time-3.0.4.RELEASE.jar;C:\Users\Илюха-чилюха\.m2\repository\org\springframework\boot\spring-boot-starter-web\2.4.4\spring-boot-starter-web-2.4.4.jar;C:\Users\Илюха-чилюха\.m2\repository\or
Launcher Type: SUN_STANDARD

[Global flags]
     intx CICompilerCount                          = 3                                         {product} {ergonomic}
     uint ConcGCThreads                            = 1                                         {product} {ergonomic}
     uint G1ConcRefinementThreads                  = 4                                         {product} {ergonomic}
   size_t G1HeapRegionSize                         = 1048576                                   {product} {ergonomic}
    uintx GCDrainStackTargetSize                   = 64                                        {product} {ergonomic}
   size_t InitialHeapSize                          = 98566144                                  {product} {ergonomic}
   size_t MarkStackSize                            = 4194304                                   {product} {ergonomic}
   size_t MaxHeapSize                              = 1562378240                                {product} {ergonomic}
   size_t MinHeapDeltaBytes                        = 1048576                                   {product} {ergonomic}
   size_t MinHeapSize                              = 8388608                                   {product} {ergonomic}
    uintx NonNMethodCodeHeapSize                   = 5832780                                {pd product} {ergonomic}
    uintx NonProfiledCodeHeapSize                  = 122912730                              {pd product} {ergonomic}
    uintx ProfiledCodeHeapSize                     = 122912730                              {pd product} {ergonomic}
    uintx ReservedCodeCacheSize                    = 251658240                              {pd product} {ergonomic}
     bool SegmentedCodeCache                       = true                                      {product} {ergonomic}
   size_t SoftMaxHeapSize                          = 1562378240                             {manageable} {ergonomic}
     bool UseCompressedClassPointers               = true                           {product lp64_product} {ergonomic}
     bool UseCompressedOops                        = true                           {product lp64_product} {ergonomic}
     bool UseG1GC                                  = true                                      {product} {ergonomic}
     bool UseLargePagesIndividualAllocation        = false                                  {pd product} {ergonomic}

Logging:
Log output configuration:
 #0: stdout all=warning uptime,level,tags
 #1: stderr all=off uptime,level,tags

Environment Variables:
PATH=C:\Program Files (x86)\Common Files\Oracle\Java\javapath;C:\Windows\system32;C:\Windows;C:\Windows\System32\Wbem;C:\Windows\System32\WindowsPowerShell\v1.0\;C:\Windows\System32\OpenSSH\;C:\Program Files\dotnet\;C:\Program Files\Microsoft SQL Server\130\Tools\Binn\;C:\Program Files\MATLAB\R2015b\runtime\win64;C:\Program Files\MATLAB\R2015b\bin;C:\Program Files\MATLAB\R2015b\polyspace\bin;C:\Users\Илюха-чилюха\AppData\Local\Microsoft\WindowsApps;;D:\Spring\IntelliJ IDEA Community Edition 2020.3.3\bin;
USERNAME=Илюха-чилюха
OS=Windows_NT
PROCESSOR_IDENTIFIER=Intel64 Family 6 Model 58 Stepping 9, GenuineIntel



---------------  S Y S T E M  ---------------

OS:
 Windows 10 , 64 bit Build 17763 (10.0.17763.475)
OS uptime: 1 days 1:43 hours

CPU: total 4 (initial active 4) (2 cores per cpu, 2 threads per core) family 6 model 58 stepping 9 microcode 0x21, cx8, cmov, fxsr, ht, mmx, sse, sse2, sse3, ssse3, sse4.1, sse4.2, popcnt, tsc, tscinvbit, avx, erms, clmul, vzeroupper, clflush

Memory: 4k page, system-wide physical 5959M (1081M free)
TotalPageFile size 6759M (AvailPageFile size 47M)
current process WorkingSet (physical memory assigned to process): 10M, peak: 10M
current process commit charge ("private bytes"): 51M, peak: 145M

vm_info: OpenJDK 64-Bit Server VM (16+36-2231) for windows-amd64 JRE (16+36-2231), built on Feb  8 2021 11:39:36 by "mach5one" with MS VC++ 16.7 (VS2019)

END.
